# JRE version: 7.0_07-b10
# Java VM: Java HotSpot(TM) 64-Bit Server VM (23.3-b01 mixed mode linux-amd64 compressed oops)
Heap
 PSYoungGen      total 12224K, used 885K [0x00000000f2600000, 0x00000000f33a0000, 0x0000000100000000)
  eden space 10496K, 8% used [0x00000000f2600000,0x00000000f26dd778,0x00000000f3040000)
  from space 1728K, 0% used [0x00000000f31f0000,0x00000000f31f0000,0x00000000f33a0000)
  to   space 1728K, 0% used [0x00000000f3040000,0x00000000f3040000,0x00000000f31f0000)
 ParOldGen       total 27904K, used 2197K [0x00000000d7200000, 0x00000000d8d40000, 0x00000000f2600000)
  object space 27904K, 7% used [0x00000000d7200000,0x00000000d7425580,0x00000000d8d40000)
 PSPermGen       total 21248K, used 6305K [0x00000000d2000000, 0x00000000d34c0000, 0x00000000d7200000)
  object space 21248K, 29% used [0x00000000d2000000,0x00000000d2628748,0x00000000d34c0000)
GC Heap History (6 events):
Event: 4,600 GC heap before
{Heap before GC invocations=1 (full 0):
 PSYoungGen      total 12224K, used 10496K [0x00000000f2600000, 0x00000000f33a0000, 0x0000000100000000)
  eden space 10496K, 100% used [0x00000000f2600000,0x00000000f3040000,0x00000000f3040000)
  from space 1728K, 0% used [0x00000000f31f0000,0x00000000f31f0000,0x00000000f33a0000)
  to   space 1728K, 0% used [0x00000000f3040000,0x00000000f3040000,0x00000000f31f0000)
 ParOldGen       total 27904K, used 0K [0x00000000d7200000, 0x00000000d8d40000, 0x00000000f2600000)
  object space 27904K, 0% used [0x00000000d7200000,0x00000000d7200000,0x00000000d8d40000)
 PSPermGen       total 21248K, used 4384K [0x00000000d2000000, 0x00000000d34c0000, 0x00000000d7200000)
  object space 21248K, 20% used [0x00000000d2000000,0x00000000d2448138,0x00000000d34c0000)
Event: 4,621 GC heap after
Heap after GC invocations=1 (full 0):
 PSYoungGen      total 12224K, used 1480K [0x00000000f2600000, 0x00000000f33a0000, 0x0000000100000000)
  eden space 10496K, 0% used [0x00000000f2600000,0x00000000f2600000,0x00000000f3040000)
  from space 1728K, 85% used [0x00000000f3040000,0x00000000f31b2090,0x00000000f31f0000)
  to   space 1728K, 0% used [0x00000000f31f0000,0x00000000f31f0000,0x00000000f33a0000)
 ParOldGen       total 27904K, used 0K [0x00000000d7200000, 0x00000000d8d40000, 0x00000000f2600000)
  object space 27904K, 0% used [0x00000000d7200000,0x00000000d7200000,0x00000000d8d40000)
 PSPermGen       total 21248K, used 4384K [0x00000000d2000000, 0x00000000d34c0000, 0x00000000d7200000)
  object space 21248K, 20% used [0x00000000d2000000,0x00000000d2448138,0x00000000d34c0000)
}
Event: 69,987 GC heap before
{Heap before GC invocations=2 (full 0):
 PSYoungGen      total 12224K, used 11461K [0x00000000f2600000, 0x00000000f33a0000, 0x0000000100000000)
  eden space 10496K, 95% used [0x00000000f2600000,0x00000000f2fbf408,0x00000000f3040000)
  from space 1728K, 85% used [0x00000000f3040000,0x00000000f31b2090,0x00000000f31f0000)
  to   space 1728K, 0% used [0x00000000f31f0000,0x00000000f31f0000,0x00000000f33a0000)
 ParOldGen       total 27904K, used 0K [0x00000000d7200000, 0x00000000d8d40000, 0x00000000f2600000)
  object space 27904K, 0% used [0x00000000d7200000,0x00000000d7200000,0x00000000d8d40000)
 PSPermGen       total 21248K, used 6308K [0x00000000d2000000, 0x00000000d34c0000, 0x00000000d7200000)
  object space 21248K, 29% used [0x00000000d2000000,0x00000000d2629108,0x00000000d34c0000)
Event: 70,002 GC heap after
Heap after GC invocations=2 (full 0):
 PSYoungGen      total 12224K, used 1704K [0x00000000f2600000, 0x00000000f33a0000, 0x0000000100000000)
  eden space 10496K, 0% used [0x00000000f2600000,0x00000000f2600000,0x00000000f3040000)
  from space 1728K, 98% used [0x00000000f31f0000,0x00000000f339a0b8,0x00000000f33a0000)
  to   space 1728K, 0% used [0x00000000f3040000,0x00000000f3040000,0x00000000f31f0000)
 ParOldGen       total 27904K, used 528K [0x00000000d7200000, 0x00000000d8d40000, 0x00000000f2600000)
  object space 27904K, 1% used [0x00000000d7200000,0x00000000d7284290,0x00000000d8d40000)
 PSPermGen       total 21248K, used 6308K [0x00000000d2000000, 0x00000000d34c0000, 0x00000000d7200000)
  object space 21248K, 29% used [0x00000000d2000000,0x00000000d2629108,0x00000000d34c0000)
}
Event: 70,002 GC heap before
{Heap before GC invocations=3 (full 1):
 PSYoungGen      total 12224K, used 1704K [0x00000000f2600000, 0x00000000f33a0000, 0x0000000100000000)
  eden space 10496K, 0% used [0x00000000f2600000,0x00000000f2600000,0x00000000f3040000)
  from space 1728K, 98% used [0x00000000f31f0000,0x00000000f339a0b8,0x00000000f33a0000)
  to   space 1728K, 0% used [0x00000000f3040000,0x00000000f3040000,0x00000000f31f0000)
 ParOldGen       total 27904K, used 528K [0x00000000d7200000, 0x00000000d8d40000, 0x00000000f2600000)
  object space 27904K, 1% used [0x00000000d7200000,0x00000000d7284290,0x00000000d8d40000)
 PSPermGen       total 21248K, used 6308K [0x00000000d2000000, 0x00000000d34c0000, 0x00000000d7200000)
  object space 21248K, 29% used [0x00000000d2000000,0x00000000d2629108,0x00000000d34c0000)
Event: 70,055 GC heap after
Heap after GC invocations=3 (full 1):
 PSYoungGen      total 12224K, used 0K [0x00000000f2600000, 0x00000000f33a0000, 0x0000000100000000)
  eden space 10496K, 0% used [0x00000000f2600000,0x00000000f2600000,0x00000000f3040000)
  from space 1728K, 0% used [0x00000000f31f0000,0x00000000f31f0000,0x00000000f33a0000)
  to   space 1728K, 0% used [0x00000000f3040000,0x00000000f3040000,0x00000000f31f0000)
 ParOldGen       total 27904K, used 2197K [0x00000000d7200000, 0x00000000d8d40000, 0x00000000f2600000)
  object space 27904K, 7% used [0x00000000d7200000,0x00000000d7425580,0x00000000d8d40000)
 PSPermGen       total 21248K, used 6305K [0x00000000d2000000, 0x00000000d34c0000, 0x00000000d7200000)
  object space 21248K, 29% used [0x00000000d2000000,0x00000000d26285e0,0x00000000d34c0000)
}

